Magic happens on port 8282
Something is happening.
Something is happening.
Something is happening.
Something is happening.
Something is happening.
Something is happening.
Something is happening.
Something is happening.
Something is happening.
Something is happening.
Something is happening.
Something is happening.
Something is happening.
Something is happening.
Something is happening.
Something is happening.
Something is happening.
Something is happening.
Something is happening.
Something is happening.
Something is happening.
Something is happening.
Something is happening.
Something is happening.
Something is happening.
Something is happening.
Something is happening.
Something is happening.
Something is happening.
Something is happening.
Something is happening.
Something is happening.
Something is happening.
Something is happening.
Something is happening.
Something is happening.
Magic happens on port 8282
Something is happening.
Something is happening.
Something is happening.
Something is happening.
Something is happening.
Something is happening.
Something is happening.
Magic happens on port 8282
Something is happening.
Something is happening.
Something is happening.
Something is happening.
Something is happening.
Something is happening.
Something is happening.
Something is happening.
Something is happening.
Something is happening.
Something is happening.
Something is happening.
Something is happening.
Something is happening.
Something is happening.
Something is happening.
Something is happening.
Something is happening.
Something is happening.
Something is happening.
Something is happening.
Something is happening.
Something is happening.
Something is happening.
Something is happening.
Something is happening.
Something is happening.
Something is happening.
Something is happening.
Something is happening.
Something is happening.
Something is happening.
Something is happening.
Something is happening.
Something is happening.
Something is happening.
Something is happening.
Something is happening.
Something is happening.
Something is happening.
Something is happening.
Something is happening.
Something is happening.
Something is happening.
Something is happening.
Something is happening.
Something is happening.
Something is happening.
Something is happening.
Something is happening.
Something is happening.
Something is happening.
Something is happening.
Something is happening.
Something is happening.
Something is happening.
Something is happening.
Something is happening.
Something is happening.
Something is happening.
Something is happening.
Something is happening.
Something is happening.
Something is happening.
Something is happening.
Something is happening.
Something is happening.
Something is happening.
Something is happening.
Something is happening.
Something is happening.
Something is happening.
Something is happening.
Something is happening.
Something is happening.
Something is happening.
Something is happening.
Something is happening.
Something is happening.
Something is happening.
Something is happening.
Something is happening.
Something is happening.
Something is happening.
Something is happening.
Something is happening.
Something is happening.
Something is happening.
Something is happening.
Something is happening.
Something is happening.
Something is happening.
Something is happening.
Something is happening.
Something is happening.
Something is happening.
Something is happening.
Something is happening.
Something is happening.
Something is happening.
Something is happening.
Something is happening.
Something is happening.
Something is happening.
Something is happening.
Something is happening.
Something is happening.
Something is happening.
Something is happening.
Something is happening.
Something is happening.
Something is happening.
Something is happening.
Something is happening.
Something is happening.
Something is happening.
Something is happening.
Something is happening.
Something is happening.
Something is happening.
Something is happening.
Something is happening.
Something is happening.
Something is happening.
Something is happening.
Something is happening.
Something is happening.
Something is happening.
Something is happening.
Something is happening.
Something is happening.
Something is happening.
Something is happening.
Something is happening.
Something is happening.
Something is happening.
Something is happening.
Something is happening.
Something is happening.
Something is happening.
Something is happening.
Something is happening.
Something is happening.
Something is happening.
Something is happening.
Something is happening.
Something is happening.
Something is happening.
Something is happening.
Something is happening.
Something is happening.
Something is happening.
Something is happening.
Something is happening.
Something is happening.
Something is happening.
Something is happening.
Something is happening.
Something is happening.
Something is happening.
Something is happening.
Something is happening.
Something is happening.
Something is happening.
Something is happening.
Something is happening.
Something is happening.
Something is happening.
Something is happening.
Something is happening.
Something is happening.
Something is happening.
Something is happening.
Something is happening.
Something is happening.
Something is happening.
Something is happening.
Something is happening.
Something is happening.
Something is happening.
Something is happening.
Something is happening.
Something is happening.
Something is happening.
Something is happening.
Something is happening.
Something is happening.
Something is happening.
Something is happening.
Something is happening.
Something is happening.
Something is happening.
Something is happening.
Something is happening.
Something is happening.
Something is happening.
Something is happening.
Something is happening.
Something is happening.
Something is happening.
Something is happening.
Something is happening.
Something is happening.
Something is happening.
Something is happening.
Something is happening.
Something is happening.
Something is happening.
Something is happening.
Something is happening.
Something is happening.
Something is happening.
Something is happening.
Something is happening.
Something is happening.
Something is happening.
Something is happening.
Something is happening.
Something is happening.
Something is happening.
Something is happening.
Something is happening.
Something is happening.
Something is happening.
Something is happening.
Magic happens on port 8282
Magic happens on port 8083

events.js:72
        throw er; // Unhandled 'error' event
              ^
Error: listen EADDRINUSE
    at errnoException (net.js:901:11)
    at Server._listen2 (net.js:1039:14)
    at listen (net.js:1061:10)
    at Server.listen (net.js:1135:5)
    at EventEmitter.app.listen (/var/www/html/octant/tc/node_modules/express/lib/application.js:595:24)
    at Object.<anonymous> (/var/www/html/octant/tc/facebook.js:121:5)
    at Module._compile (module.js:456:26)
    at Object.Module._extensions..js (module.js:474:10)
    at Module.load (module.js:356:32)
    at Function.Module._load (module.js:312:12)
Something is happening.
Something is happening.
Something is happening.
Something is happening.
Something is happening.
Something is happening.
Something is happening.
Something is happening.
Something is happening.
Something is happening.
Something is happening.
Something is happening.
Something is happening.
Something is happening.
Something is happening.
Something is happening.
Something is happening.
Something is happening.
Something is happening.
Something is happening.
Something is happening.
Something is happening.
Something is happening.
Something is happening.
Something is happening.
Something is happening.
Something is happening.
Something is happening.
Something is happening.
Something is happening.
Something is happening.
Something is happening.
Something is happening.
Something is happening.
Something is happening.
Something is happening.
Something is happening.
Something is happening.
Something is happening.
Something is happening.
Something is happening.
Something is happening.
Something is happening.
Something is happening.
Something is happening.
Something is happening.
Something is happening.
Something is happening.
Magic happens on port 8083
Magic happens on port 8282
Something is happening.
Something is happening.
Something is happening.
Something is happening.
Something is happening.
Something is happening.
Something is happening.
Something is happening.
Something is happening.
Something is happening.
Something is happening.
Something is happening.
Something is happening.
Something is happening.
Something is happening.
Something is happening.
Something is happening.
Something is happening.
Something is happening.
Something is happening.
Something is happening.
Something is happening.
Something is happening.
Something is happening.
Something is happening.
Something is happening.
Something is happening.
Something is happening.
Something is happening.
Something is happening.
Something is happening.
Something is happening.
Something is happening.
Something is happening.
Something is happening.
Something is happening.
